<?xml version="1.0" encoding="UTF-8"?>
<!-- Generated by org.testng.reporters.JUnitReportReporter -->
<testsuite hostname="DESKTOP-BDGTKAB" failures="0" tests="1" name="Test.ToolsPageLoginOptionTest" time="128.477" errors="0" timestamp="2020-06-26T14:40:51 IST" skipped="0">
  <testcase classname="Test.ToolsPageLoginOptionTest" name="toolsPageLoginOptionTest" time="128.477"/>
  <system-out/>
</testsuite> <!-- Test.ToolsPageLoginOptionTest -->
