<?xml version="1.0" encoding="UTF-8"?>
<!-- Generated by org.testng.reporters.JUnitReportReporter -->
<testsuite hostname="DESKTOP-BDGTKAB" failures="0" tests="1" name="Test.TestClass" time="36.174" errors="0" timestamp="2020-05-30T12:35:35 IST" skipped="0">
  <testcase classname="Test.TestClass" name="Test1" time="36.174"/>
  <system-out/>
</testsuite> <!-- Test.TestClass -->
