<?xml version="1.0" encoding="UTF-8"?>
<!-- Generated by org.testng.reporters.JUnitReportReporter -->
<testsuite hostname="DESKTOP-BDGTKAB" failures="0" tests="2" name="Test.NullInputsToFieldsTest1" time="94.908" errors="0" timestamp="2020-06-26T14:40:51 IST" skipped="1">
  <testcase classname="Test.NullInputsToFieldsTest1" name="TestNullInput" time="42.732"/>
  <system-out/>
  <testcase classname="Test.NullInputsToFieldsTest1" name="TestNullInput" time="52.176">
    <skipped/>
  </testcase> <!-- TestNullInput -->
  <system-out/>
</testsuite> <!-- Test.NullInputsToFieldsTest1 -->
