<?xml version="1.0" encoding="UTF-8"?>
<!-- Generated by org.testng.reporters.JUnitReportReporter -->
<testsuite hostname="DESKTOP-BDGTKAB" failures="0" tests="1" name="Test.TestClass2" time="38.273" errors="0" timestamp="2020-05-30T11:45:37 IST" skipped="0">
  <testcase classname="Test.TestClass2" name="TestNullInput" time="38.273"/>
  <system-out/>
</testsuite> <!-- Test.TestClass2 -->
