<?xml version="1.0" encoding="UTF-8"?>
<!-- Generated by org.testng.reporters.JUnitReportReporter -->
<testsuite hostname="DESKTOP-BDGTKAB" failures="0" tests="1" name="Test.NullInputsToFieldsTest3" time="36.752" errors="0" timestamp="2020-06-26T14:40:51 IST" skipped="0">
  <testcase classname="Test.NullInputsToFieldsTest3" name="TestNullInput" time="36.752"/>
  <system-out/>
</testsuite> <!-- Test.NullInputsToFieldsTest3 -->
