<?xml version="1.0" encoding="UTF-8"?>
<!-- Generated by org.testng.reporters.JUnitReportReporter -->
<testsuite hostname="DESKTOP-BDGTKAB" failures="0" tests="1" name="Test.toolsPage" time="117.356" errors="0" timestamp="2020-06-26T14:40:51 IST" skipped="0">
  <testcase classname="Test.toolsPage" name="toolsPageTest" time="117.356"/>
  <system-out/>
</testsuite> <!-- Test.toolsPage -->
