<?xml version="1.0" encoding="UTF-8"?>
<!-- Generated by org.testng.reporters.JUnitReportReporter -->
<testsuite hostname="DESKTOP-BDGTKAB" failures="0" tests="1" name="Test.NullInputsToFieldsTest2" time="60.953" errors="0" timestamp="2020-06-26T14:40:51 IST" skipped="0">
  <testcase classname="Test.NullInputsToFieldsTest2" name="TestNullInput" time="60.953"/>
  <system-out/>
</testsuite> <!-- Test.NullInputsToFieldsTest2 -->
