<?xml version="1.0" encoding="UTF-8"?>
<!-- Generated by org.testng.reporters.JUnitReportReporter -->
<testsuite hostname="DESKTOP-BDGTKAB" failures="0" tests="1" name="Test.TestClass3" time="43.902" errors="0" timestamp="2020-05-30T11:45:37 IST" skipped="0">
  <testcase classname="Test.TestClass3" name="TestNullInput" time="43.902"/>
  <system-out/>
</testsuite> <!-- Test.TestClass3 -->
