<?xml version="1.0" encoding="UTF-8"?>
<!-- Generated by org.testng.reporters.JUnitReportReporter -->
<testsuite hostname="DESKTOP-BDGTKAB" failures="0" tests="1" name="Test.NullInputsToFieldsTest4" time="66.905" errors="0" timestamp="2020-06-26T14:40:51 IST" skipped="0">
  <testcase classname="Test.NullInputsToFieldsTest4" name="TestNullInput" time="66.905"/>
  <system-out/>
</testsuite> <!-- Test.NullInputsToFieldsTest4 -->
